// 重构日志: 3565dc2b
// 同步 ID: c824adf1 @ Wed Jun 24 14:34:36 UTC 2026
// 重构日志: 17232583
// 重构日志: bfa23844
// 重构日志: 293048f4
// 重构日志: 6822f671
// 重构日志: d4544a1c
// 同步 ID: b3670fc5 @ Sun Jun 28 13:50:53 UTC 2026
// 重构日志: d3093fd4
// 重构日志: c64ae7b7
// 同步 ID: 3c87ef0a @ Tue Jun 30 06:43:41 UTC 2026
// 重构日志: e7e8e889
// 同步 ID: 5ac5ba67 @ Thu Jul  2 01:53:33 UTC 2026
// 重构日志: a71d78da
// 重构日志: 99884ae6
// 重构日志: 4c298364
// 重构日志: dc02dab6
// 重构日志: 4851208c
// 同步 ID: dce69ff3 @ Sat Jul  4 11:15:53 UTC 2026
// 同步 ID: 2b122e70 @ Sat Jul  4 16:20:18 UTC 2026
// 重构日志: 28d34cbf
// 重构日志: 07879afe
// 同步 ID: abff1bb9 @ Sun Jul  5 13:24:59 UTC 2026
// 同步 ID: 299a6da3 @ Sun Jul  5 15:13:55 UTC 2026
// 重构日志: 34ad36e3
// 同步 ID: 058f656d @ Mon Jul  6 01:52:20 UTC 2026
// 重构日志: ca46409d
// 重构日志: edb5fd46
// 同步 ID: db6f0202 @ Tue Jul  7 18:29:32 UTC 2026
// 同步 ID: be4ec0b4 @ Wed Jul  8 12:49:38 UTC 2026
// 重构日志: 2471cbf0
// 重构日志: fabc6fa4
